[2024-09-06 03:43:35.775 PM] error: 	404 - SequelizeConnectionRefusedError: connect ECONNREFUSED 127.0.0.1:5432
    at Client._connectionCallback (D:\Code\Web Project\KTPM-Backend\Backend\node_modules\sequelize\lib\dialects\postgres\connection-manager.js:133:24)
    at Client._handleErrorWhileConnecting (D:\Code\Web Project\KTPM-Backend\Backend\node_modules\pg\lib\client.js:327:19)
    at Client._handleErrorEvent (D:\Code\Web Project\KTPM-Backend\Backend\node_modules\pg\lib\client.js:337:19)
    at Connection.emit (node:events:514:28)
    at Socket.reportStreamError (D:\Code\Web Project\KTPM-Backend\Backend\node_modules\pg\lib\connection.js:58:12)
    at Socket.emit (node:events:514:28)
    at emitErrorNT (node:internal/streams/destroy:151:8)
    at emitErrorCloseNT (node:internal/streams/destroy:116:3)
    at process.processTicksAndRejections (node:internal/process/task_queues:82:21)
[2024-09-06 03:43:35.829 PM] error: 	404 - SequelizeConnectionRefusedError: connect ECONNREFUSED 127.0.0.1:5432
    at Client._connectionCallback (D:\Code\Web Project\KTPM-Backend\Backend\node_modules\sequelize\lib\dialects\postgres\connection-manager.js:133:24)
    at Client._handleErrorWhileConnecting (D:\Code\Web Project\KTPM-Backend\Backend\node_modules\pg\lib\client.js:327:19)
    at Client._handleErrorEvent (D:\Code\Web Project\KTPM-Backend\Backend\node_modules\pg\lib\client.js:337:19)
    at Connection.emit (node:events:514:28)
    at Socket.reportStreamError (D:\Code\Web Project\KTPM-Backend\Backend\node_modules\pg\lib\connection.js:58:12)
    at Socket.emit (node:events:514:28)
    at emitErrorNT (node:internal/streams/destroy:151:8)
    at emitErrorCloseNT (node:internal/streams/destroy:116:3)
    at process.processTicksAndRejections (node:internal/process/task_queues:82:21)
