[2024-08-23 02:28:17.161 PM] error: 	400 - Bad request
[2024-08-23 02:28:17.187 PM] warn: 	HTTP GET /error
[2024-08-23 02:32:26.942 PM] error: 	400 - Bad request
[2024-08-23 02:32:26.963 PM] warn: 	HTTP GET /error
[2024-08-23 02:32:38.089 PM] error: 	400 - Bad request
[2024-08-23 02:32:38.093 PM] warn: 	HTTP GET /error
[2024-08-24 12:42:02.140 AM] error: 	404 - Not Found
[2024-08-24 12:42:02.169 AM] warn: 	HTTP GET /api/games
[2024-08-24 12:42:02.183 AM] error: 	404 - Not Found
[2024-08-24 12:42:02.189 AM] warn: 	HTTP GET /api/games
[2024-08-24 12:42:04.765 AM] error: 	404 - Not Found
[2024-08-24 12:42:04.770 AM] warn: 	HTTP GET /games
[2024-08-24 02:25:13.086 AM] error: 	HTTP POST /game/550e8400-e29b-41d4-a716-446655440000
[2024-08-24 02:26:06.714 AM] error: 	HTTP POST /game/550e8400-e29b-41d4-a716-446655440000
[2024-08-24 02:27:43.210 AM] error: 	HTTP POST /game/550e8400-e29b-41d4-a716-446655440000
[2024-08-24 02:28:23.979 AM] error: 	HTTP POST /game/550e8400-e29b-41d4-a716-446655440000
[2024-08-24 02:44:00.056 AM] error: 	404 - Not Found
[2024-08-24 02:44:00.063 AM] warn: 	HTTP GET /dsfasd
[2024-08-24 02:44:00.067 AM] error: 	404 - Not Found
[2024-08-24 02:44:00.072 AM] warn: 	HTTP GET /public/images/games/1724441944637-18886-cat-cyan-blue-748x430.png
[2024-08-24 02:44:07.534 AM] error: 	404 - Not Found
[2024-08-24 02:44:07.537 AM] warn: 	HTTP GET /dsfasd
[2024-08-24 02:44:07.539 AM] error: 	404 - Not Found
[2024-08-24 02:44:07.542 AM] warn: 	HTTP GET /public/images/games/1724441944637-18886-cat-cyan-blue-748x430.png
[2024-08-24 02:44:18.702 AM] error: 	404 - Not Found
[2024-08-24 02:44:18.706 AM] warn: 	HTTP GET /public/images/games/1724441944637-18886-cat-cyan-blue-748x430.png
[2024-08-24 02:44:19.674 AM] error: 	404 - Not Found
[2024-08-24 02:44:19.677 AM] warn: 	HTTP GET /favicon.ico
[2024-08-24 02:47:03.323 AM] error: 	404 - Not Found
[2024-08-24 02:47:03.328 AM] warn: 	HTTP GET /dsfasd
[2024-08-24 02:50:08.035 AM] error: 	404 - Not Found
[2024-08-24 02:50:08.038 AM] warn: 	HTTP GET /dsfasd
[2024-08-24 02:50:09.325 AM] error: 	404 - Not Found
[2024-08-24 02:50:09.334 AM] warn: 	HTTP GET /dsfasd
